# JRE version: OpenJDK Runtime Environment (8.0_202-b03) (build 1.8.0_202-release-1483-b03)
# Java VM: OpenJDK 64-Bit Server VM (25.202-b03 mixed mode windows-amd64 compressed oops)
Heap:
 PSYoungGen      total 71680K, used 4923K [0x00000000e0000000, 0x00000000e5300000, 0x0000000100000000)
  eden space 62976K, 7% used [0x00000000e0000000,0x00000000e04cecc0,0x00000000e3d80000)
  from space 8704K, 0% used [0x00000000e4780000,0x00000000e4780000,0x00000000e5000000)
  to   space 10240K, 0% used [0x00000000e3d80000,0x00000000e3d80000,0x00000000e4780000)
 ParOldGen       total 89088K, used 32420K [0x00000000a0000000, 0x00000000a5700000, 0x00000000e0000000)
  object space 89088K, 36% used [0x00000000a0000000,0x00000000a1fa9348,0x00000000a5700000)
 Metaspace       used 57667K, capacity 59300K, committed 59352K, reserved 1099776K
  class space    used 7867K, capacity 8280K, committed 8320K, reserved 1048576K
GC Heap History (10 events):
Event: 68.285 GC heap before
{Heap before GC invocations=23 (full 2):
 PSYoungGen      total 62976K, used 62968K [0x00000000e0000000, 0x00000000e4780000, 0x0000000100000000)
  eden space 56320K, 100% used [0x00000000e0000000,0x00000000e3700000,0x00000000e3700000)
  from space 6656K, 99% used [0x00000000e3f00000,0x00000000e457e310,0x00000000e4580000)
  to   space 8192K, 0% used [0x00000000e3700000,0x00000000e3700000,0x00000000e3f00000)
 ParOldGen       total 56320K, used 20231K [0x00000000a0000000, 0x00000000a3700000, 0x00000000e0000000)
  object space 56320K, 35% used [0x00000000a0000000,0x00000000a13c1ee8,0x00000000a3700000)
 Metaspace       used 48811K, capacity 50044K, committed 50304K, reserved 1093632K
  class space    used 6609K, capacity 6921K, committed 7040K, reserved 1048576K
Event: 68.411 GC heap after
Heap after GC invocations=23 (full 2):
 PSYoungGen      total 64512K, used 6037K [0x00000000e0000000, 0x00000000e5000000, 0x0000000100000000)
  eden space 56320K, 0% used [0x00000000e0000000,0x00000000e0000000,0x00000000e3700000)
  from space 8192K, 73% used [0x00000000e3700000,0x00000000e3ce5550,0x00000000e3f00000)
  to   space 8704K, 0% used [0x00000000e4780000,0x00000000e4780000,0x00000000e5000000)
 ParOldGen       total 56320K, used 24516K [0x00000000a0000000, 0x00000000a3700000, 0x00000000e0000000)
  object space 56320K, 43% used [0x00000000a0000000,0x00000000a17f1060,0x00000000a3700000)
 Metaspace       used 48811K, capacity 50044K, committed 50304K, reserved 1093632K
  class space    used 6609K, capacity 6921K, committed 7040K, reserved 1048576K
}
Event: 71.145 GC heap before
{Heap before GC invocations=24 (full 2):
 PSYoungGen      total 64512K, used 62357K [0x00000000e0000000, 0x00000000e5000000, 0x0000000100000000)
  eden space 56320K, 100% used [0x00000000e0000000,0x00000000e3700000,0x00000000e3700000)
  from space 8192K, 73% used [0x00000000e3700000,0x00000000e3ce5550,0x00000000e3f00000)
  to   space 8704K, 0% used [0x00000000e4780000,0x00000000e4780000,0x00000000e5000000)
 ParOldGen       total 56320K, used 24516K [0x00000000a0000000, 0x00000000a3700000, 0x00000000e0000000)
  object space 56320K, 43% used [0x00000000a0000000,0x00000000a17f1060,0x00000000a3700000)
 Metaspace       used 52279K, capacity 53652K, committed 53888K, reserved 1095680K
  class space    used 7113K, capacity 7491K, committed 7552K, reserved 1048576K
Event: 71.163 GC heap after
Heap after GC invocations=24 (full 2):
 PSYoungGen      total 71680K, used 8702K [0x00000000e0000000, 0x00000000e5300000, 0x0000000100000000)
  eden space 62976K, 0% used [0x00000000e0000000,0x00000000e0000000,0x00000000e3d80000)
  from space 8704K, 99% used [0x00000000e4780000,0x00000000e4fffa80,0x00000000e5000000)
  to   space 10240K, 0% used [0x00000000e3d80000,0x00000000e3d80000,0x00000000e4780000)
 ParOldGen       total 56320K, used 26231K [0x00000000a0000000, 0x00000000a3700000, 0x00000000e0000000)
  object space 56320K, 46% used [0x00000000a0000000,0x00000000a199de18,0x00000000a3700000)
 Metaspace       used 52279K, capacity 53652K, committed 53888K, reserved 1095680K
  class space    used 7113K, capacity 7491K, committed 7552K, reserved 1048576K
}
Event: 74.823 GC heap before
{Heap before GC invocations=25 (full 2):
 PSYoungGen      total 71680K, used 71678K [0x00000000e0000000, 0x00000000e5300000, 0x0000000100000000)
  eden space 62976K, 100% used [0x00000000e0000000,0x00000000e3d80000,0x00000000e3d80000)
  from space 8704K, 99% used [0x00000000e4780000,0x00000000e4fffa80,0x00000000e5000000)
  to   space 10240K, 0% used [0x00000000e3d80000,0x00000000e3d80000,0x00000000e4780000)
 ParOldGen       total 56320K, used 26231K [0x00000000a0000000, 0x00000000a3700000, 0x00000000e0000000)
  object space 56320K, 46% used [0x00000000a0000000,0x00000000a199de18,0x00000000a3700000)
 Metaspace       used 57042K, capacity 58564K, committed 58752K, reserved 1099776K
  class space    used 7798K, capacity 8196K, committed 8320K, reserved 1048576K
Event: 74.926 GC heap after
Heap after GC invocations=25 (full 2):
 PSYoungGen      total 73216K, used 6266K [0x00000000e0000000, 0x00000000e5300000, 0x0000000100000000)
  eden space 62976K, 0% used [0x00000000e0000000,0x00000000e0000000,0x00000000e3d80000)
  from space 10240K, 61% used [0x00000000e3d80000,0x00000000e439e928,0x00000000e4780000)
  to   space 8704K, 0% used [0x00000000e4780000,0x00000000e4780000,0x00000000e5000000)
 ParOldGen       total 56320K, used 33433K [0x00000000a0000000, 0x00000000a3700000, 0x00000000e0000000)
  object space 56320K, 59% used [0x00000000a0000000,0x00000000a20a6678,0x00000000a3700000)
 Metaspace       used 57042K, capacity 58564K, committed 58752K, reserved 1099776K
  class space    used 7798K, capacity 8196K, committed 8320K, reserved 1048576K
}
Event: 76.011 GC heap before
{Heap before GC invocations=26 (full 2):
 PSYoungGen      total 73216K, used 16111K [0x00000000e0000000, 0x00000000e5300000, 0x0000000100000000)
  eden space 62976K, 15% used [0x00000000e0000000,0x00000000e099d420,0x00000000e3d80000)
  from space 10240K, 61% used [0x00000000e3d80000,0x00000000e439e928,0x00000000e4780000)
  to   space 8704K, 0% used [0x00000000e4780000,0x00000000e4780000,0x00000000e5000000)
 ParOldGen       total 56320K, used 33433K [0x00000000a0000000, 0x00000000a3700000, 0x00000000e0000000)
  object space 56320K, 59% used [0x00000000a0000000,0x00000000a20a6678,0x00000000a3700000)
 Metaspace       used 57436K, capacity 58974K, committed 59096K, reserved 1099776K
  class space    used 7833K, capacity 8237K, committed 8320K, reserved 1048576K
Event: 76.017 GC heap after
Heap after GC invocations=26 (full 2):
 PSYoungGen      total 71680K, used 4097K [0x00000000e0000000, 0x00000000e5300000, 0x0000000100000000)
  eden space 62976K, 0% used [0x00000000e0000000,0x00000000e0000000,0x00000000e3d80000)
  from space 8704K, 47% used [0x00000000e4780000,0x00000000e4b804b0,0x00000000e5000000)
  to   space 10240K, 0% used [0x00000000e3d80000,0x00000000e3d80000,0x00000000e4780000)
 ParOldGen       total 56320K, used 33441K [0x00000000a0000000, 0x00000000a3700000, 0x00000000e0000000)
  object space 56320K, 59% used [0x00000000a0000000,0x00000000a20a8678,0x00000000a3700000)
 Metaspace       used 57436K, capacity 58974K, committed 59096K, reserved 1099776K
  class space    used 7833K, capacity 8237K, committed 8320K, reserved 1048576K
}
Event: 76.017 GC heap before
{Heap before GC invocations=27 (full 3):
 PSYoungGen      total 71680K, used 4097K [0x00000000e0000000, 0x00000000e5300000, 0x0000000100000000)
  eden space 62976K, 0% used [0x00000000e0000000,0x00000000e0000000,0x00000000e3d80000)
  from space 8704K, 47% used [0x00000000e4780000,0x00000000e4b804b0,0x00000000e5000000)
  to   space 10240K, 0% used [0x00000000e3d80000,0x00000000e3d80000,0x00000000e4780000)
 ParOldGen       total 56320K, used 33441K [0x00000000a0000000, 0x00000000a3700000, 0x00000000e0000000)
  object space 56320K, 59% used [0x00000000a0000000,0x00000000a20a8678,0x00000000a3700000)
 Metaspace       used 57436K, capacity 58974K, committed 59096K, reserved 1099776K
  class space    used 7833K, capacity 8237K, committed 8320K, reserved 1048576K
Event: 76.794 GC heap after
Heap after GC invocations=27 (full 3):
 PSYoungGen      total 71680K, used 0K [0x00000000e0000000, 0x00000000e5300000, 0x0000000100000000)
  eden space 62976K, 0% used [0x00000000e0000000,0x00000000e0000000,0x00000000e3d80000)
  from space 8704K, 0% used [0x00000000e4780000,0x00000000e4780000,0x00000000e5000000)
  to   space 10240K, 0% used [0x00000000e3d80000,0x00000000e3d80000,0x00000000e4780000)
 ParOldGen       total 89088K, used 32420K [0x00000000a0000000, 0x00000000a5700000, 0x00000000e0000000)
  object space 89088K, 36% used [0x00000000a0000000,0x00000000a1fa9348,0x00000000a5700000)
 Metaspace       used 57436K, capacity 58974K, committed 59096K, reserved 1099776K
  class space    used 7833K, capacity 8237K, committed 8320K, reserved 1048576K
}

